0 info it worked if it ends with ok
1 verbose cli [ '/Users/marcel/.nvm/versions/node/v7.7.1/bin/node',
1 verbose cli   '/Users/marcel/.nvm/versions/node/v7.7.1/bin/npm',
1 verbose cli   'run',
1 verbose cli   'start' ]
2 info using npm@4.1.2
3 info using node@v7.7.1
4 verbose run-script [ 'prestart', 'start', 'poststart' ]
5 info lifecycle @unic/estatico-boilerplate@1.5.5~prestart: @unic/estatico-boilerplate@1.5.5
6 silly lifecycle @unic/estatico-boilerplate@1.5.5~prestart: no script for prestart, continuing
7 info lifecycle @unic/estatico-boilerplate@1.5.5~start: @unic/estatico-boilerplate@1.5.5
8 verbose lifecycle @unic/estatico-boilerplate@1.5.5~start: unsafe-perm in lifecycle true
9 verbose lifecycle @unic/estatico-boilerplate@1.5.5~start: PATH: /Users/marcel/.nvm/versions/node/v7.7.1/lib/node_modules/npm/bin/node-gyp-bin:/Users/marcel/Sites/ktzh-frontend-living-styleguide/node_modules/.bin:/usr/local/opt/php@7.1/sbin:/usr/local/opt/php@7.1/bin:/Users/marcel/.yarn/bin:/Users/marcel/.config/yarn/global/node_modules/.bin:/Users/marcel/.nvm/versions/node/v7.7.1/bin:/usr/local/bin:/usr/bin:/bin:/usr/sbin:/sbin
10 verbose lifecycle @unic/estatico-boilerplate@1.5.5~start: CWD: /Users/marcel/Sites/ktzh-frontend-living-styleguide
11 silly lifecycle @unic/estatico-boilerplate@1.5.5~start: Args: [ '-c', 'gulp --dev --watch' ]
12 silly lifecycle @unic/estatico-boilerplate@1.5.5~start: Returned: code: 1  signal: null
13 info lifecycle @unic/estatico-boilerplate@1.5.5~start: Failed to exec start script
14 verbose stack Error: @unic/estatico-boilerplate@1.5.5 start: `gulp --dev --watch`
14 verbose stack Exit status 1
14 verbose stack     at EventEmitter.<anonymous> (/Users/marcel/.nvm/versions/node/v7.7.1/lib/node_modules/npm/lib/utils/lifecycle.js:279:16)
14 verbose stack     at emitTwo (events.js:106:13)
14 verbose stack     at EventEmitter.emit (events.js:194:7)
14 verbose stack     at ChildProcess.<anonymous> (/Users/marcel/.nvm/versions/node/v7.7.1/lib/node_modules/npm/lib/utils/spawn.js:40:14)
14 verbose stack     at emitTwo (events.js:106:13)
14 verbose stack     at ChildProcess.emit (events.js:194:7)
14 verbose stack     at maybeClose (internal/child_process.js:899:16)
14 verbose stack     at Process.ChildProcess._handle.onexit (internal/child_process.js:226:5)
15 verbose pkgid @unic/estatico-boilerplate@1.5.5
16 verbose cwd /Users/marcel/Sites/ktzh-frontend-living-styleguide
17 error Darwin 18.2.0
18 error argv "/Users/marcel/.nvm/versions/node/v7.7.1/bin/node" "/Users/marcel/.nvm/versions/node/v7.7.1/bin/npm" "run" "start"
19 error node v7.7.1
20 error npm  v4.1.2
21 error code ELIFECYCLE
22 error @unic/estatico-boilerplate@1.5.5 start: `gulp --dev --watch`
22 error Exit status 1
23 error Failed at the @unic/estatico-boilerplate@1.5.5 start script 'gulp --dev --watch'.
23 error Make sure you have the latest version of node.js and npm installed.
23 error If you do, this is most likely a problem with the @unic/estatico-boilerplate package,
23 error not with npm itself.
23 error Tell the author that this fails on your system:
23 error     gulp --dev --watch
23 error You can get information on how to open an issue for this project with:
23 error     npm bugs @unic/estatico-boilerplate
23 error Or if that isn't available, you can get their info via:
23 error     npm owner ls @unic/estatico-boilerplate
23 error There is likely additional logging output above.
24 verbose exit [ 1, true ]
