0 info it worked if it ends with ok
1 verbose cli [ '/Users/hendrikwernze/.nvm/versions/node/v7.4.0/bin/node',
1 verbose cli   '/Users/hendrikwernze/.nvm/versions/node/v7.4.0/bin/npm',
1 verbose cli   'run',
1 verbose cli   'gulp',
1 verbose cli   '--',
1 verbose cli   '-scaffold' ]
2 info using npm@4.0.5
3 info using node@v7.4.0
4 verbose run-script [ 'pregulp', 'gulp', 'postgulp' ]
5 info lifecycle @unic/estatico-boilerplate@1.5.5~pregulp: @unic/estatico-boilerplate@1.5.5
6 silly lifecycle @unic/estatico-boilerplate@1.5.5~pregulp: no script for pregulp, continuing
7 info lifecycle @unic/estatico-boilerplate@1.5.5~gulp: @unic/estatico-boilerplate@1.5.5
8 verbose lifecycle @unic/estatico-boilerplate@1.5.5~gulp: unsafe-perm in lifecycle true
9 verbose lifecycle @unic/estatico-boilerplate@1.5.5~gulp: PATH: /Users/hendrikwernze/.nvm/versions/node/v7.4.0/lib/node_modules/npm/bin/node-gyp-bin:/Users/hendrikwernze/Documents/workspace/webstormProjects/zh.ch/frontend-living-styleguide/node_modules/.bin:/Users/hendrikwernze/.nvm/versions/node/v7.4.0/bin:/Library/Java/JavaVirtualMachines/jdk1.8.0_201.jdk/Contents/Home/bin:/Library/Frameworks/Python.framework/Versions/3.5/bin:/usr/local/bin:/usr/local/bin:/usr/bin:/bin:/usr/sbin:/sbin:/opt/X11/bin:/Users/hendrikwernze/Library/Android/sdk/tools:/Users/hendrikwernze/Library/Android/sdk/platform-tools:/Users/hendrikwernze/gradle-4.1/bin
10 verbose lifecycle @unic/estatico-boilerplate@1.5.5~gulp: CWD: /Users/hendrikwernze/Documents/workspace/webstormProjects/zh.ch/frontend-living-styleguide
11 silly lifecycle @unic/estatico-boilerplate@1.5.5~gulp: Args: [ '-c', 'gulp "-scaffold"' ]
12 silly lifecycle @unic/estatico-boilerplate@1.5.5~gulp: Returned: code: 1  signal: null
13 info lifecycle @unic/estatico-boilerplate@1.5.5~gulp: Failed to exec gulp script
14 verbose stack Error: @unic/estatico-boilerplate@1.5.5 gulp: `gulp "-scaffold"`
14 verbose stack Exit status 1
14 verbose stack     at EventEmitter.<anonymous> (/Users/hendrikwernze/.nvm/versions/node/v7.4.0/lib/node_modules/npm/lib/utils/lifecycle.js:279:16)
14 verbose stack     at emitTwo (events.js:106:13)
14 verbose stack     at EventEmitter.emit (events.js:191:7)
14 verbose stack     at ChildProcess.<anonymous> (/Users/hendrikwernze/.nvm/versions/node/v7.4.0/lib/node_modules/npm/lib/utils/spawn.js:40:14)
14 verbose stack     at emitTwo (events.js:106:13)
14 verbose stack     at ChildProcess.emit (events.js:191:7)
14 verbose stack     at maybeClose (internal/child_process.js:885:16)
14 verbose stack     at Process.ChildProcess._handle.onexit (internal/child_process.js:226:5)
15 verbose pkgid @unic/estatico-boilerplate@1.5.5
16 verbose cwd /Users/hendrikwernze/Documents/workspace/webstormProjects/zh.ch/frontend-living-styleguide/src
17 error Darwin 18.2.0
18 error argv "/Users/hendrikwernze/.nvm/versions/node/v7.4.0/bin/node" "/Users/hendrikwernze/.nvm/versions/node/v7.4.0/bin/npm" "run" "gulp" "--" "-scaffold"
19 error node v7.4.0
20 error npm  v4.0.5
21 error code ELIFECYCLE
22 error @unic/estatico-boilerplate@1.5.5 gulp: `gulp "-scaffold"`
22 error Exit status 1
23 error Failed at the @unic/estatico-boilerplate@1.5.5 gulp script 'gulp "-scaffold"'.
23 error Make sure you have the latest version of node.js and npm installed.
23 error If you do, this is most likely a problem with the @unic/estatico-boilerplate package,
23 error not with npm itself.
23 error Tell the author that this fails on your system:
23 error     gulp "-scaffold"
23 error You can get information on how to open an issue for this project with:
23 error     npm bugs @unic/estatico-boilerplate
23 error Or if that isn't available, you can get their info via:
23 error     npm owner ls @unic/estatico-boilerplate
23 error There is likely additional logging output above.
24 verbose exit [ 1, true ]
